Arguments: 
  C:\Program Files (x86)\nodejs\node.exe C:\Users\F0129558\AppData\Roaming\npm\node_modules\yarn\bin\yarn.js

PATH: 
  C:\Users\F0129558\bin;C:\Users\F0129558\AppData\Local\Programs\Git\mingw64\bin;C:\Users\F0129558\AppData\Local\Programs\Git\usr\local\bin;C:\Users\F0129558\AppData\Local\Programs\Git\usr\bin;C:\Users\F0129558\AppData\Local\Programs\Git\usr\bin;C:\Users\F0129558\AppData\Local\Programs\Git\mingw64\bin;C:\Users\F0129558\AppData\Local\Programs\Git\usr\bin;C:\Users\F0129558\bin;C:\Program Files (x86)\Common Files\Oracle\Java\javapath;C:\Program Files (x86)\CA\SC\CAWIN;C:\Windows\system32;C:\Windows;C:\Windows\System32\Wbem;C:\Windows\System32\WindowsPowerShell\v1.0;C:\Windows\System32\OpenSSH;C:\Program Files (x86)\CA\SC\Csam\SockAdapter\bin;C:\Program Files (x86)\CA\SC\Csam\SockAdapter\bin64;C:\Program Files (x86)\CA\DSM\bin;C:\Program Files (x86)\CA\SC\CBB;C:\PROGRA~2\CA\SC\CAM\bin;C:\Program Files (x86)\Plantronics\Spokes3G;C:\Program Files (x86)\nodejs;C:\Program Files\Docker\Docker\resources\bin;C:\ProgramData\DockerDesktop\version-bin;D:\JDK\jdk-11.0.1_windows-x64_bin\jdk-11.0.1\bin;C:\Users\F0129558\AppData\Local\Programs\Python\Python38\Scripts;C:\Users\F0129558\AppData\Local\Programs\Python\Python38;C:\Users\F0129558\AppData\Local\Microsoft\WindowsApps;C:\Users\F0129558\AppData\Local\Programs\Git\cmd;C:\Users\F0129558\AppData\Roaming\npm;C:\Users\F0129558\AppData\Local\Programs\Microsoft VS Code\bin;C:\Users\F0129558\AppData\Local\Programs\Git\usr\bin\vendor_perl;C:\Users\F0129558\AppData\Local\Programs\Git\usr\bin\core_perl

Yarn version: 
  1.22.18

Node version: 
  14.17.3

Platform: 
  win32 ia32

Trace: 
  SyntaxError: C:\Users\F0129558\Documents\projetos\rocketseat\react\react-conceitos-desafio1\package.json: Unexpected token / in JSON at position 938
      at JSON.parse (<anonymous>)
      at C:\Users\F0129558\AppData\Roaming\npm\node_modules\yarn\lib\cli.js:1625:59
      at Generator.next (<anonymous>)
      at step (C:\Users\F0129558\AppData\Roaming\npm\node_modules\yarn\lib\cli.js:310:30)
      at C:\Users\F0129558\AppData\Roaming\npm\node_modules\yarn\lib\cli.js:321:13

npm manifest: 
  {
    "name": "01-github-explorer",
    "version": "1.0.0",
    "main": "index.js",
    "license": "MIT",
    "scripts": {
      "dev": "webpack serve",
      "build": "cross-env NODE_ENV=production webpack",
      "test": "jest --watchAll"
    },
    "dependencies": {
      "react": "^17.0.1",
      "react-dom": "^17.0.1",
      "react-icons": "^4.2.0"
    },
    "devDependencies": {
      "@babel/cli": "^7.12.10",
      "@babel/core": "^7.12.10",
      "@babel/preset-env": "^7.12.11",
      "@babel/preset-react": "^7.12.10",
      "@babel/preset-typescript": "^7.12.7",
      "@pmmmwh/react-refresh-webpack-plugin": "^0.4.3",
      "@testing-library/jest-dom": "^5.11.9",
      "@testing-library/react": "^11.2.5",
      "@types/react-dom": "^17.0.0",
      "babel-loader": "^8.2.2",
      "babel-preset-react-app": "^10.0.0",
      "cross-env": "^7.0.3",
      "css-loader": "^5.0.1",
      "html-webpack-plugin": "^4.5.1",
      "identity-obj-proxy": "^3.0.0",
      "jest": "^26.6.3",
      // "node-sass": "^6.0.1",
      "react-app-polyfill": "^2.0.0",
      "react-refresh": "^0.9.0",
      // "sass-loader": "^10.1.1",
      "style-loader": "^2.0.0",
      "ts-node": "^9.1.1",
      "typescript": "^4.1.3",
      "webpack": "^5.17.0",
      "webpack-cli": "^4.4.0",
      "webpack-dev-server": "^3.11.2"
    }
  }

yarn manifest: 
  No manifest

Lockfile: 
  No lockfile
